  MainPage.cpp
C:\Users\Sharath\Documents\Sharath\Dev C++\fin_dic.cpp(16,1): warning C4996: 'strcpy': This function or variable may be unsafe. Consider using strcpy_s instead. To disable deprecation, use _CRT_SECURE_NO_WARNINGS. See online help for details.
C:\Program Files (x86)\Windows Kits\10\Include\10.0.17763.0\ucrt\string.h(133): message : see declaration of 'strcpy'
C:\Users\Sharath\Documents\Sharath\Dev C++\fin_dic.cpp(21,1): warning C4996: 'strcpy': This function or variable may be unsafe. Consider using strcpy_s instead. To disable deprecation, use _CRT_SECURE_NO_WARNINGS. See online help for details.
C:\Program Files (x86)\Windows Kits\10\Include\10.0.17763.0\ucrt\string.h(133): message : see declaration of 'strcpy'
C:\Users\Sharath\Documents\Sharath\Dev C++\fin_dic.cpp(37,1): warning C4996: 'strcpy': This function or variable may be unsafe. Consider using strcpy_s instead. To disable deprecation, use _CRT_SECURE_NO_WARNINGS. See online help for details.
C:\Program Files (x86)\Windows Kits\10\Include\10.0.17763.0\ucrt\string.h(133): message : see declaration of 'strcpy'
C:\Users\Sharath\Documents\Sharath\Dev C++\fin_dic.cpp(38,1): warning C4996: 'strcat': This function or variable may be unsafe. Consider using strcat_s instead. To disable deprecation, use _CRT_SECURE_NO_WARNINGS. See online help for details.
C:\Program Files (x86)\Windows Kits\10\Include\10.0.17763.0\ucrt\string.h(90): message : see declaration of 'strcat'
C:\Users\Sharath\Documents\Sharath\Dev C++\fin_dic.cpp(39,1): warning C4996: 'strcat': This function or variable may be unsafe. Consider using strcat_s instead. To disable deprecation, use _CRT_SECURE_NO_WARNINGS. See online help for details.
C:\Program Files (x86)\Windows Kits\10\Include\10.0.17763.0\ucrt\string.h(90): message : see declaration of 'strcat'
C:\Users\Sharath\Documents\Sharath\Dev C++\fin_dic.cpp(54,1): warning C4996: 'strcpy': This function or variable may be unsafe. Consider using strcpy_s instead. To disable deprecation, use _CRT_SECURE_NO_WARNINGS. See online help for details.
C:\Program Files (x86)\Windows Kits\10\Include\10.0.17763.0\ucrt\string.h(133): message : see declaration of 'strcpy'
C:\Users\Sharath\Documents\Sharath\Dev C++\fin_dic.cpp(56,1): warning C4996: 'strcpy': This function or variable may be unsafe. Consider using strcpy_s instead. To disable deprecation, use _CRT_SECURE_NO_WARNINGS. See online help for details.
C:\Program Files (x86)\Windows Kits\10\Include\10.0.17763.0\ucrt\string.h(133): message : see declaration of 'strcpy'
C:\Users\Sharath\Documents\Sharath\Dev C++\fin_dic.cpp(74,1): warning C4996: 'strcpy': This function or variable may be unsafe. Consider using strcpy_s instead. To disable deprecation, use _CRT_SECURE_NO_WARNINGS. See online help for details.
C:\Program Files (x86)\Windows Kits\10\Include\10.0.17763.0\ucrt\string.h(133): message : see declaration of 'strcpy'
C:\Users\Sharath\Documents\Sharath\Dev C++\fin_dic.cpp(75,1): warning C4996: 'strcat': This function or variable may be unsafe. Consider using strcat_s instead. To disable deprecation, use _CRT_SECURE_NO_WARNINGS. See online help for details.
C:\Program Files (x86)\Windows Kits\10\Include\10.0.17763.0\ucrt\string.h(90): message : see declaration of 'strcat'
C:\Users\Sharath\Documents\Sharath\Dev C++\fin_dic.cpp(76,1): warning C4996: 'strcat': This function or variable may be unsafe. Consider using strcat_s instead. To disable deprecation, use _CRT_SECURE_NO_WARNINGS. See online help for details.
C:\Program Files (x86)\Windows Kits\10\Include\10.0.17763.0\ucrt\string.h(90): message : see declaration of 'strcat'
C:\Users\Sharath\Documents\Sharath\Dev C++\fin_dic.cpp(77,1): warning C4996: 'strcat': This function or variable may be unsafe. Consider using strcat_s instead. To disable deprecation, use _CRT_SECURE_NO_WARNINGS. See online help for details.
C:\Program Files (x86)\Windows Kits\10\Include\10.0.17763.0\ucrt\string.h(90): message : see declaration of 'strcat'
C:\Users\Sharath\Documents\Sharath\Dev C++\fin_dic.cpp(112,1): warning C4267: 'initializing': conversion from 'size_t' to 'int', possible loss of data
C:\Users\Sharath\Documents\Sharath\Dev C++\fin_dic.cpp(104,1): warning C4996: 'strcpy': This function or variable may be unsafe. Consider using strcpy_s instead. To disable deprecation, use _CRT_SECURE_NO_WARNINGS. See online help for details.
C:\Program Files (x86)\Windows Kits\10\Include\10.0.17763.0\ucrt\string.h(133): message : see declaration of 'strcpy'
C:\Users\Sharath\Documents\Sharath\Dev C++\fin_dic.cpp(109,1): warning C4996: 'strcmpi': The POSIX name for this item is deprecated. Instead, use the ISO C and C++ conformant name: _strcmpi. See online help for details.
  MyForm.cpp
C:\Program Files (x86)\Windows Kits\10\Include\10.0.17763.0\ucrt\string.h(543): message : see declaration of 'strcmpi'
C:\Users\Sharath\Documents\Sharath\Dev C++\fin_dic.cpp(16,1): warning C4996: 'strcpy': This function or variable may be unsafe. Consider using strcpy_s instead. To disable deprecation, use _CRT_SECURE_NO_WARNINGS. See online help for details.
C:\Program Files (x86)\Windows Kits\10\Include\10.0.17763.0\ucrt\string.h(133): message : see declaration of 'strcpy'
C:\Users\Sharath\Documents\Sharath\Dev C++\fin_dic.cpp(21,1): warning C4996: 'strcpy': This function or variable may be unsafe. Consider using strcpy_s instead. To disable deprecation, use _CRT_SECURE_NO_WARNINGS. See online help for details.
C:\Program Files (x86)\Windows Kits\10\Include\10.0.17763.0\ucrt\string.h(133): message : see declaration of 'strcpy'
C:\Users\Sharath\Documents\Sharath\Dev C++\fin_dic.cpp(37,1): warning C4996: 'strcpy': This function or variable may be unsafe. Consider using strcpy_s instead. To disable deprecation, use _CRT_SECURE_NO_WARNINGS. See online help for details.
C:\Program Files (x86)\Windows Kits\10\Include\10.0.17763.0\ucrt\string.h(133): message : see declaration of 'strcpy'
C:\Users\Sharath\Documents\Sharath\Dev C++\fin_dic.cpp(38,1): warning C4996: 'strcat': This function or variable may be unsafe. Consider using strcat_s instead. To disable deprecation, use _CRT_SECURE_NO_WARNINGS. See online help for details.
C:\Program Files (x86)\Windows Kits\10\Include\10.0.17763.0\ucrt\string.h(90): message : see declaration of 'strcat'
C:\Users\Sharath\Documents\Sharath\Dev C++\fin_dic.cpp(39,1): warning C4996: 'strcat': This function or variable may be unsafe. Consider using strcat_s instead. To disable deprecation, use _CRT_SECURE_NO_WARNINGS. See online help for details.
C:\Program Files (x86)\Windows Kits\10\Include\10.0.17763.0\ucrt\string.h(90): message : see declaration of 'strcat'
C:\Users\Sharath\Documents\Sharath\Dev C++\fin_dic.cpp(54,1): warning C4996: 'strcpy': This function or variable may be unsafe. Consider using strcpy_s instead. To disable deprecation, use _CRT_SECURE_NO_WARNINGS. See online help for details.
C:\Program Files (x86)\Windows Kits\10\Include\10.0.17763.0\ucrt\string.h(133): message : see declaration of 'strcpy'
C:\Users\Sharath\Documents\Sharath\Dev C++\fin_dic.cpp(56,1): warning C4996: 'strcpy': This function or variable may be unsafe. Consider using strcpy_s instead. To disable deprecation, use _CRT_SECURE_NO_WARNINGS. See online help for details.
C:\Program Files (x86)\Windows Kits\10\Include\10.0.17763.0\ucrt\string.h(133): message : see declaration of 'strcpy'
C:\Users\Sharath\Documents\Sharath\Dev C++\fin_dic.cpp(74,1): warning C4996: 'strcpy': This function or variable may be unsafe. Consider using strcpy_s instead. To disable deprecation, use _CRT_SECURE_NO_WARNINGS. See online help for details.
C:\Program Files (x86)\Windows Kits\10\Include\10.0.17763.0\ucrt\string.h(133): message : see declaration of 'strcpy'
C:\Users\Sharath\Documents\Sharath\Dev C++\fin_dic.cpp(75,1): warning C4996: 'strcat': This function or variable may be unsafe. Consider using strcat_s instead. To disable deprecation, use _CRT_SECURE_NO_WARNINGS. See online help for details.
C:\Program Files (x86)\Windows Kits\10\Include\10.0.17763.0\ucrt\string.h(90): message : see declaration of 'strcat'
C:\Users\Sharath\Documents\Sharath\Dev C++\fin_dic.cpp(76,1): warning C4996: 'strcat': This function or variable may be unsafe. Consider using strcat_s instead. To disable deprecation, use _CRT_SECURE_NO_WARNINGS. See online help for details.
C:\Program Files (x86)\Windows Kits\10\Include\10.0.17763.0\ucrt\string.h(90): message : see declaration of 'strcat'
C:\Users\Sharath\Documents\Sharath\Dev C++\fin_dic.cpp(77,1): warning C4996: 'strcat': This function or variable may be unsafe. Consider using strcat_s instead. To disable deprecation, use _CRT_SECURE_NO_WARNINGS. See online help for details.
C:\Program Files (x86)\Windows Kits\10\Include\10.0.17763.0\ucrt\string.h(90): message : see declaration of 'strcat'
C:\Users\Sharath\Documents\Sharath\Dev C++\fin_dic.cpp(112,1): warning C4267: 'initializing': conversion from 'size_t' to 'int', possible loss of data
C:\Users\Sharath\Documents\Sharath\Dev C++\fin_dic.cpp(104,1): warning C4996: 'strcpy': This function or variable may be unsafe. Consider using strcpy_s instead. To disable deprecation, use _CRT_SECURE_NO_WARNINGS. See online help for details.
C:\Program Files (x86)\Windows Kits\10\Include\10.0.17763.0\ucrt\string.h(133): message : see declaration of 'strcpy'
C:\Users\Sharath\Documents\Sharath\Dev C++\fin_dic.cpp(109,1): warning C4996: 'strcmpi': The POSIX name for this item is deprecated. Instead, use the ISO C and C++ conformant name: _strcmpi. See online help for details.
  Generating Code...
C:\Program Files (x86)\Windows Kits\10\Include\10.0.17763.0\ucrt\string.h(543): message : see declaration of 'strcmpi'
  Dictionary.obj : MSIL module encountered; incremental linking is disabled for MSIL; performing full link
LINK : warning LNK4031: no subsystem specified; CONSOLE assumed
  Project1.vcxproj -> C:\Users\Sharath\source\repos\Project1\x64\Debug\Project1.exe
